{"E:\\alp\\OPCODE\\Logger\\Opcode\\src\\server.ts": {"path":"E:\\alp\\OPCODE\\Logger\\Opcode\\src\\server.ts","statementMap":{"0":{"start":{"line":1,"column":0},"end":{"line":1,"column":67}},"1":{"start":{"line":2,"column":0},"end":{"line":2,"column":37}},"2":{"start":{"line":3,"column":0},"end":{"line":3,"column":45}},"3":{"start":{"line":4,"column":0},"end":{"line":4,"column":47}},"4":{"start":{"line":5,"column":0},"end":{"line":5,"column":45}},"5":{"start":{"line":12,"column":4},"end":{"line":12,"column":25}},"6":{"start":{"line":13,"column":4},"end":{"line":13,"column":21}},"7":{"start":{"line":15,"column":4},"end":{"line":15,"column":31}},"8":{"start":{"line":16,"column":4},"end":{"line":16,"column":27}},"9":{"start":{"line":17,"column":4},"end":{"line":17,"column":34}},"10":{"start":{"line":21,"column":4},"end":{"line":21,"column":36}},"11":{"start":{"line":25,"column":4},"end":{"line":25,"column":43}},"12":{"start":{"line":26,"column":4},"end":{"line":26,"column":37}},"13":{"start":{"line":30,"column":4},"end":{"line":33,"column":7}},"14":{"start":{"line":31,"column":6},"end":{"line":31,"column":57}},"15":{"start":{"line":32,"column":6},"end":{"line":32,"column":52}},"16":{"start":{"line":37,"column":4},"end":{"line":37,"column":29}},"17":{"start":{"line":38,"column":4},"end":{"line":40,"column":7}},"18":{"start":{"line":39,"column":6},"end":{"line":39,"column":72}},"19":{"start":{"line":44,"column":15},"end":{"line":44,"column":31}},"20":{"start":{"line":45,"column":0},"end":{"line":45,"column":15}},"21":{"start":{"line":47,"column":0},"end":{"line":47,"column":22}}},"fnMap":{"0":{"name":"(anonymous_8)","decl":{"start":{"line":11,"column":2},"end":{"line":11,"column":14}},"loc":{"start":{"line":11,"column":26},"end":{"line":18,"column":3}}},"1":{"name":"(anonymous_9)","decl":{"start":{"line":20,"column":10},"end":{"line":20,"column":29}},"loc":{"start":{"line":20,"column":29},"end":{"line":22,"column":3}}},"2":{"name":"(anonymous_10)","decl":{"start":{"line":24,"column":10},"end":{"line":24,"column":25}},"loc":{"start":{"line":24,"column":25},"end":{"line":27,"column":3}}},"3":{"name":"(anonymous_11)","decl":{"start":{"line":29,"column":10},"end":{"line":29,"column":32}},"loc":{"start":{"line":29,"column":32},"end":{"line":34,"column":3}}},"4":{"name":"(anonymous_12)","decl":{"start":{"line":30,"column":17},"end":{"line":30,"column":18}},"loc":{"start":{"line":30,"column":79},"end":{"line":33,"column":5}}},"5":{"name":"(anonymous_13)","decl":{"start":{"line":36,"column":15},"end":{"line":36,"column":20}},"loc":{"start":{"line":36,"column":20},"end":{"line":41,"column":null}}},"6":{"name":"(anonymous_15)","decl":{"start":{"line":38,"column":31},"end":{"line":38,"column":34}},"loc":{"start":{"line":38,"column":36},"end":{"line":40,"column":5}}}},"branchMap":{},"s":{"0":0,"1":0,"2":0,"3":0,"4":0,"5":0,"6":0,"7":0,"8":0,"9":0,"10":0,"11":0,"12":0,"13":0,"14":0,"15":0,"16":0,"17":0,"18":0,"19":0,"20":0,"21":0},"f":{"0":0,"1":0,"2":0,"3":0,"4":0,"5":0,"6":0},"b":{}}
,"E:\\alp\\OPCODE\\Logger\\Opcode\\src\\config\\database.ts": {"path":"E:\\alp\\OPCODE\\Logger\\Opcode\\src\\config\\database.ts","statementMap":{"0":{"start":{"line":2,"column":0},"end":{"line":2,"column":38}},"1":{"start":{"line":3,"column":0},"end":{"line":3,"column":28}},"2":{"start":{"line":6,"column":0},"end":{"line":6,"column":16}},"3":{"start":{"line":17,"column":4},"end":{"line":26,"column":6}},"4":{"start":{"line":33,"column":4},"end":{"line":43,"column":null}},"5":{"start":{"line":35,"column":6},"end":{"line":35,"column":42}},"6":{"start":{"line":36,"column":6},"end":{"line":36,"column":67}},"7":{"start":{"line":39,"column":6},"end":{"line":39,"column":50}},"8":{"start":{"line":42,"column":6},"end":{"line":42,"column":65}},"9":{"start":{"line":49,"column":4},"end":{"line":49,"column":26}},"10":{"start":{"line":54,"column":17},"end":{"line":54,"column":31}},"11":{"start":{"line":57,"column":9},"end":{"line":57,"column":17}}},"fnMap":{"0":{"name":"(anonymous_8)","decl":{"start":{"line":16,"column":2},"end":{"line":16,"column":null}},"loc":{"start":{"line":16,"column":2},"end":{"line":27,"column":3}}},"1":{"name":"(anonymous_9)","decl":{"start":{"line":32,"column":15},"end":{"line":32,"column":22}},"loc":{"start":{"line":32,"column":22},"end":{"line":44,"column":null}}},"2":{"name":"(anonymous_11)","decl":{"start":{"line":48,"column":9},"end":{"line":48,"column":20}},"loc":{"start":{"line":48,"column":20},"end":{"line":50,"column":3}}}},"branchMap":{},"s":{"0":1,"1":1,"2":1,"3":1,"4":0,"5":0,"6":0,"7":0,"8":0,"9":1,"10":1,"11":1},"f":{"0":1,"1":0,"2":1},"b":{}}
,"E:\\alp\\OPCODE\\Logger\\Opcode\\src\\config\\logger.ts": {"path":"E:\\alp\\OPCODE\\Logger\\Opcode\\src\\config\\logger.ts","statementMap":{"0":{"start":{"line":2,"column":0},"end":{"line":2,"column":59}},"1":{"start":{"line":3,"column":0},"end":{"line":3,"column":56}},"2":{"start":{"line":6,"column":18},"end":{"line":11,"column":2}},"3":{"start":{"line":8,"column":44},"end":{"line":8,"column":49}},"4":{"start":{"line":8,"column":53},"end":{"line":8,"column":57}},"5":{"start":{"line":9,"column":4},"end":{"line":9,"column":112}},"6":{"start":{"line":14,"column":15},"end":{"line":27,"column":2}},"7":{"start":{"line":30,"column":0},"end":{"line":30,"column":22}}},"fnMap":{"0":{"name":"(anonymous_2)","decl":{"start":{"line":8,"column":16},"end":{"line":8,"column":17}},"loc":{"start":{"line":8,"column":59},"end":{"line":10,"column":3}}}},"branchMap":{"0":{"loc":{"start":{"line":9,"column":48},"end":{"line":9,"column":109}},"type":"cond-expr","locations":[{"start":{"line":9,"column":75},"end":{"line":9,"column":104}},{"start":{"line":9,"column":107},"end":{"line":9,"column":109}}]}},"s":{"0":1,"1":1,"2":1,"3":0,"4":0,"5":0,"6":1,"7":1},"f":{"0":0},"b":{"0":[0,0]}}
,"E:\\alp\\OPCODE\\Logger\\Opcode\\src\\controllers\\EventController.ts": {"path":"E:\\alp\\OPCODE\\Logger\\Opcode\\src\\controllers\\EventController.ts","statementMap":{"0":{"start":{"line":2,"column":0},"end":{"line":2,"column":36}},"1":{"start":{"line":5,"column":9},"end":{"line":18,"column":4}},"2":{"start":{"line":5,"column":76},"end":{"line":18,"column":4}},"3":{"start":{"line":6,"column":4},"end":{"line":6,"column":38}},"4":{"start":{"line":7,"column":4},"end":{"line":7,"column":43}},"5":{"start":{"line":9,"column":4},"end":{"line":17,"column":null}},"6":{"start":{"line":10,"column":48},"end":{"line":10,"column":56}},"7":{"start":{"line":11,"column":20},"end":{"line":11,"column":94}},"8":{"start":{"line":12,"column":6},"end":{"line":12,"column":43}},"9":{"start":{"line":13,"column":6},"end":{"line":13,"column":34}},"10":{"start":{"line":15,"column":6},"end":{"line":15,"column":50}},"11":{"start":{"line":16,"column":6},"end":{"line":16,"column":63}},"12":{"start":{"line":20,"column":9},"end":{"line":30,"column":4}},"13":{"start":{"line":20,"column":74},"end":{"line":30,"column":4}},"14":{"start":{"line":21,"column":4},"end":{"line":21,"column":36}},"15":{"start":{"line":22,"column":4},"end":{"line":29,"column":null}},"16":{"start":{"line":23,"column":21},"end":{"line":23,"column":42}},"17":{"start":{"line":24,"column":6},"end":{"line":24,"column":45}},"18":{"start":{"line":25,"column":6},"end":{"line":25,"column":35}},"19":{"start":{"line":27,"column":6},"end":{"line":27,"column":51}},"20":{"start":{"line":28,"column":6},"end":{"line":28,"column":63}},"21":{"start":{"line":32,"column":9},"end":{"line":56,"column":4}},"22":{"start":{"line":32,"column":76},"end":{"line":56,"column":4}},"23":{"start":{"line":33,"column":4},"end":{"line":33,"column":38}},"24":{"start":{"line":34,"column":4},"end":{"line":34,"column":43}},"25":{"start":{"line":36,"column":4},"end":{"line":55,"column":null}},"26":{"start":{"line":37,"column":21},"end":{"line":37,"column":31}},"27":{"start":{"line":38,"column":48},"end":{"line":38,"column":56}},"28":{"start":{"line":39,"column":20},"end":{"line":39,"column":44}},"29":{"start":{"line":41,"column":6},"end":{"line":51,"column":null}},"30":{"start":{"line":42,"column":8},"end":{"line":42,"column":38}},"31":{"start":{"line":43,"column":8},"end":{"line":43,"column":26}},"32":{"start":{"line":44,"column":8},"end":{"line":44,"column":40}},"33":{"start":{"line":45,"column":8},"end":{"line":45,"column":27}},"34":{"start":{"line":46,"column":8},"end":{"line":46,"column":45}},"35":{"start":{"line":47,"column":8},"end":{"line":47,"column":36}},"36":{"start":{"line":49,"column":8},"end":{"line":49,"column":62}},"37":{"start":{"line":50,"column":8},"end":{"line":50,"column":82}},"38":{"start":{"line":53,"column":6},"end":{"line":53,"column":50}},"39":{"start":{"line":54,"column":6},"end":{"line":54,"column":63}},"40":{"start":{"line":58,"column":9},"end":{"line":78,"column":4}},"41":{"start":{"line":58,"column":76},"end":{"line":78,"column":4}},"42":{"start":{"line":59,"column":4},"end":{"line":59,"column":38}},"43":{"start":{"line":60,"column":4},"end":{"line":60,"column":47}},"44":{"start":{"line":62,"column":4},"end":{"line":77,"column":null}},"45":{"start":{"line":63,"column":21},"end":{"line":63,"column":31}},"46":{"start":{"line":64,"column":20},"end":{"line":64,"column":44}},"47":{"start":{"line":66,"column":6},"end":{"line":73,"column":null}},"48":{"start":{"line":67,"column":8},"end":{"line":67,"column":30}},"49":{"start":{"line":68,"column":8},"end":{"line":68,"column":42}},"50":{"start":{"line":69,"column":8},"end":{"line":69,"column":63}},"51":{"start":{"line":71,"column":8},"end":{"line":71,"column":62}},"52":{"start":{"line":72,"column":8},"end":{"line":72,"column":82}},"53":{"start":{"line":75,"column":6},"end":{"line":75,"column":50}},"54":{"start":{"line":76,"column":6},"end":{"line":76,"column":63}},"55":{"start":{"line":81,"column":0},"end":{"line":81,"column":37}}},"fnMap":{"0":{"name":"(anonymous_8)","decl":{"start":{"line":4,"column":0},"end":{"line":4,"column":6}},"loc":{"start":{"line":4,"column":0},"end":{"line":79,"column":1}}},"1":{"name":"(anonymous_9)","decl":{"start":{"line":5,"column":23},"end":{"line":5,"column":30}},"loc":{"start":{"line":5,"column":76},"end":{"line":18,"column":4}}},"2":{"name":"(anonymous_10)","decl":{"start":{"line":5,"column":76},"end":{"line":5,"column":null}},"loc":{"start":{"line":5,"column":76},"end":{"line":18,"column":3}}},"3":{"name":"(anonymous_11)","decl":{"start":{"line":20,"column":21},"end":{"line":20,"column":28}},"loc":{"start":{"line":20,"column":74},"end":{"line":30,"column":4}}},"4":{"name":"(anonymous_12)","decl":{"start":{"line":20,"column":74},"end":{"line":20,"column":null}},"loc":{"start":{"line":20,"column":74},"end":{"line":30,"column":3}}},"5":{"name":"(anonymous_13)","decl":{"start":{"line":32,"column":23},"end":{"line":32,"column":30}},"loc":{"start":{"line":32,"column":76},"end":{"line":56,"column":4}}},"6":{"name":"(anonymous_14)","decl":{"start":{"line":32,"column":76},"end":{"line":32,"column":null}},"loc":{"start":{"line":32,"column":76},"end":{"line":56,"column":3}}},"7":{"name":"(anonymous_15)","decl":{"start":{"line":58,"column":23},"end":{"line":58,"column":30}},"loc":{"start":{"line":58,"column":76},"end":{"line":78,"column":4}}},"8":{"name":"(anonymous_16)","decl":{"start":{"line":58,"column":76},"end":{"line":58,"column":null}},"loc":{"start":{"line":58,"column":76},"end":{"line":78,"column":3}}}},"branchMap":{"0":{"loc":{"start":{"line":41,"column":6},"end":{"line":51,"column":null}},"type":"if","locations":[{"start":{"line":41,"column":6},"end":{"line":51,"column":null}},{"start":{"line":48,"column":13},"end":{"line":51,"column":null}}]},"1":{"loc":{"start":{"line":41,"column":10},"end":{"line":41,"column":78}},"type":"binary-expr","locations":[{"start":{"line":41,"column":10},"end":{"line":41,"column":15}},{"start":{"line":41,"column":20},"end":{"line":41,"column":48}},{"start":{"line":41,"column":52},"end":{"line":41,"column":77}}]},"2":{"loc":{"start":{"line":66,"column":6},"end":{"line":73,"column":null}},"type":"if","locations":[{"start":{"line":66,"column":6},"end":{"line":73,"column":null}},{"start":{"line":70,"column":13},"end":{"line":73,"column":null}}]},"3":{"loc":{"start":{"line":66,"column":10},"end":{"line":66,"column":78}},"type":"binary-expr","locations":[{"start":{"line":66,"column":10},"end":{"line":66,"column":15}},{"start":{"line":66,"column":20},"end":{"line":66,"column":48}},{"start":{"line":66,"column":52},"end":{"line":66,"column":77}}]}},"s":{"0":0,"1":0,"2":0,"3":0,"4":0,"5":0,"6":0,"7":0,"8":0,"9":0,"10":0,"11":0,"12":0,"13":0,"14":0,"15":0,"16":0,"17":0,"18":0,"19":0,"20":0,"21":0,"22":0,"23":0,"24":0,"25":0,"26":0,"27":0,"28":0,"29":0,"30":0,"31":0,"32":0,"33":0,"34":0,"35":0,"36":0,"37":0,"38":0,"39":0,"40":0,"41":0,"42":0,"43":0,"44":0,"45":0,"46":0,"47":0,"48":0,"49":0,"50":0,"51":0,"52":0,"53":0,"54":0,"55":0},"f":{"0":0,"1":0,"2":0,"3":0,"4":0,"5":0,"6":0,"7":0,"8":0},"b":{"0":[0,0],"1":[0,0,0],"2":[0,0],"3":[0,0,0]}}
,"E:\\alp\\OPCODE\\Logger\\Opcode\\src\\controllers\\UserController.ts": {"path":"E:\\alp\\OPCODE\\Logger\\Opcode\\src\\controllers\\UserController.ts","statementMap":{"0":{"start":{"line":1,"column":0},"end":{"line":1,"column":50}},"1":{"start":{"line":4,"column":9},"end":{"line":4,"column":41}},"2":{"start":{"line":5,"column":9},"end":{"line":5,"column":35}},"3":{"start":{"line":8,"column":0},"end":{"line":8,"column":36}}},"fnMap":{"0":{"name":"(anonymous_1)","decl":{"start":{"line":3,"column":0},"end":{"line":3,"column":6}},"loc":{"start":{"line":3,"column":0},"end":{"line":6,"column":1}}}},"branchMap":{},"s":{"0":1,"1":1,"2":1,"3":1},"f":{"0":1},"b":{}}
,"E:\\alp\\OPCODE\\Logger\\Opcode\\src\\middleware\\auth.ts": {"path":"E:\\alp\\OPCODE\\Logger\\Opcode\\src\\middleware\\auth.ts","statementMap":{"0":{"start":{"line":2,"column":0},"end":{"line":2,"column":31}},"1":{"start":{"line":3,"column":0},"end":{"line":3,"column":38}},"2":{"start":{"line":7,"column":4},"end":{"line":7,"column":42}},"3":{"start":{"line":8,"column":18},"end":{"line":8,"column":58}},"4":{"start":{"line":10,"column":4},"end":{"line":26,"column":null}},"5":{"start":{"line":11,"column":6},"end":{"line":21,"column":null}},"6":{"start":{"line":12,"column":8},"end":{"line":12,"column":52}},"7":{"start":{"line":13,"column":29},"end":{"line":13,"column":80}},"8":{"start":{"line":14,"column":8},"end":{"line":14,"column":64}},"9":{"start":{"line":15,"column":8},"end":{"line":15,"column":27}},"10":{"start":{"line":16,"column":8},"end":{"line":16,"column":15}},"11":{"start":{"line":18,"column":8},"end":{"line":18,"column":61}},"12":{"start":{"line":19,"column":8},"end":{"line":19,"column":37}},"13":{"start":{"line":20,"column":8},"end":{"line":20,"column":53}},"14":{"start":{"line":23,"column":6},"end":{"line":23,"column":56}},"15":{"start":{"line":24,"column":6},"end":{"line":24,"column":39}},"16":{"start":{"line":25,"column":6},"end":{"line":25,"column":54}},"17":{"start":{"line":30,"column":4},"end":{"line":42,"column":6}},"18":{"start":{"line":31,"column":6},"end":{"line":31,"column":43}},"19":{"start":{"line":32,"column":6},"end":{"line":32,"column":59}},"20":{"start":{"line":33,"column":6},"end":{"line":33,"column":62}},"21":{"start":{"line":34,"column":6},"end":{"line":41,"column":null}},"22":{"start":{"line":35,"column":8},"end":{"line":35,"column":81}},"23":{"start":{"line":36,"column":8},"end":{"line":36,"column":65}},"24":{"start":{"line":37,"column":8},"end":{"line":37,"column":53}},"25":{"start":{"line":39,"column":8},"end":{"line":39,"column":77}},"26":{"start":{"line":40,"column":8},"end":{"line":40,"column":15}},"27":{"start":{"line":46,"column":23},"end":{"line":46,"column":43}},"28":{"start":{"line":47,"column":0},"end":{"line":47,"column":30}}},"fnMap":{"0":{"name":"(anonymous_8)","decl":{"start":{"line":6,"column":15},"end":{"line":6,"column":30}},"loc":{"start":{"line":6,"column":78},"end":{"line":27,"column":null}}},"1":{"name":"(anonymous_10)","decl":{"start":{"line":29,"column":9},"end":{"line":29,"column":23}},"loc":{"start":{"line":29,"column":42},"end":{"line":43,"column":3}}},"2":{"name":"(anonymous_11)","decl":{"start":{"line":30,"column":11},"end":{"line":30,"column":12}},"loc":{"start":{"line":30,"column":69},"end":{"line":42,"column":5}}}},"branchMap":{"0":{"loc":{"start":{"line":8,"column":18},"end":{"line":8,"column":58}},"type":"cond-expr","locations":[{"start":{"line":8,"column":43},"end":{"line":8,"column":45}},{"start":{"line":8,"column":43},"end":{"line":8,"column":58}}]},"1":{"loc":{"start":{"line":8,"column":18},"end":{"line":8,"column":45}},"type":"binary-expr","locations":[{"start":{"line":8,"column":18},"end":{"line":8,"column":45}},{"start":{"line":8,"column":43},"end":{"line":8,"column":45}}]},"2":{"loc":{"start":{"line":10,"column":4},"end":{"line":26,"column":null}},"type":"if","locations":[{"start":{"line":10,"column":4},"end":{"line":26,"column":null}},{"start":{"line":22,"column":11},"end":{"line":26,"column":null}}]},"3":{"loc":{"start":{"line":34,"column":6},"end":{"line":41,"column":null}},"type":"if","locations":[{"start":{"line":34,"column":6},"end":{"line":41,"column":null}},{"start":{"line":38,"column":13},"end":{"line":41,"column":null}}]}},"s":{"0":0,"1":0,"2":0,"3":0,"4":0,"5":0,"6":0,"7":0,"8":0,"9":0,"10":0,"11":0,"12":0,"13":0,"14":0,"15":0,"16":0,"17":0,"18":0,"19":0,"20":0,"21":0,"22":0,"23":0,"24":0,"25":0,"26":0,"27":0,"28":0},"f":{"0":0,"1":0,"2":0},"b":{"0":[0,0],"1":[0,0],"2":[0,0],"3":[0,0]}}
,"E:\\alp\\OPCODE\\Logger\\Opcode\\src\\models\\Event.ts": {"path":"E:\\alp\\OPCODE\\Logger\\Opcode\\src\\models\\Event.ts","statementMap":{"0":{"start":{"line":1,"column":0},"end":{"line":1,"column":55}},"1":{"start":{"line":2,"column":0},"end":{"line":2,"column":46}},"2":{"start":{"line":25,"column":0},"end":{"line":53,"column":2}},"3":{"start":{"line":54,"column":0},"end":{"line":54,"column":39}},"4":{"start":{"line":56,"column":0},"end":{"line":56,"column":21}}},"fnMap":{},"branchMap":{},"s":{"0":0,"1":0,"2":0,"3":0,"4":0},"f":{},"b":{}}
,"E:\\alp\\OPCODE\\Logger\\Opcode\\src\\models\\User.ts": {"path":"E:\\alp\\OPCODE\\Logger\\Opcode\\src\\models\\User.ts","statementMap":{"0":{"start":{"line":2,"column":0},"end":{"line":2,"column":55}},"1":{"start":{"line":3,"column":0},"end":{"line":3,"column":46}},"2":{"start":{"line":4,"column":0},"end":{"line":4,"column":30}},"3":{"start":{"line":28,"column":4},"end":{"line":28,"column":55}},"4":{"start":{"line":32,"column":0},"end":{"line":58,"column":2}},"5":{"start":{"line":60,"column":0},"end":{"line":60,"column":20}}},"fnMap":{"0":{"name":"(anonymous_1)","decl":{"start":{"line":27,"column":9},"end":{"line":27,"column":25}},"loc":{"start":{"line":27,"column":42},"end":{"line":29,"column":3}}}},"branchMap":{},"s":{"0":1,"1":1,"2":1,"3":0,"4":1,"5":1},"f":{"0":0},"b":{}}
,"E:\\alp\\OPCODE\\Logger\\Opcode\\src\\routes\\eventRoutes.ts": {"path":"E:\\alp\\OPCODE\\Logger\\Opcode\\src\\routes\\eventRoutes.ts","statementMap":{"0":{"start":{"line":1,"column":0},"end":{"line":1,"column":33}},"1":{"start":{"line":2,"column":0},"end":{"line":2,"column":61}},"2":{"start":{"line":3,"column":0},"end":{"line":3,"column":48}},"3":{"start":{"line":5,"column":15},"end":{"line":5,"column":23}},"4":{"start":{"line":7,"column":0},"end":{"line":10,"column":32}},"5":{"start":{"line":8,"column":2},"end":{"line":8,"column":40}},"6":{"start":{"line":9,"column":2},"end":{"line":9,"column":9}},"7":{"start":{"line":12,"column":0},"end":{"line":15,"column":30}},"8":{"start":{"line":13,"column":2},"end":{"line":13,"column":39}},"9":{"start":{"line":14,"column":2},"end":{"line":14,"column":9}},"10":{"start":{"line":17,"column":0},"end":{"line":20,"column":32}},"11":{"start":{"line":18,"column":2},"end":{"line":18,"column":43}},"12":{"start":{"line":19,"column":2},"end":{"line":19,"column":9}},"13":{"start":{"line":22,"column":0},"end":{"line":25,"column":32}},"14":{"start":{"line":23,"column":2},"end":{"line":23,"column":46}},"15":{"start":{"line":24,"column":2},"end":{"line":24,"column":9}},"16":{"start":{"line":27,"column":0},"end":{"line":27,"column":22}}},"fnMap":{"0":{"name":"(anonymous_1)","decl":{"start":{"line":7,"column":103},"end":{"line":7,"column":104}},"loc":{"start":{"line":7,"column":122},"end":{"line":10,"column":1}}},"1":{"name":"(anonymous_2)","decl":{"start":{"line":12,"column":102},"end":{"line":12,"column":103}},"loc":{"start":{"line":12,"column":121},"end":{"line":15,"column":1}}},"2":{"name":"(anonymous_3)","decl":{"start":{"line":17,"column":106},"end":{"line":17,"column":107}},"loc":{"start":{"line":17,"column":125},"end":{"line":20,"column":1}}},"3":{"name":"(anonymous_4)","decl":{"start":{"line":22,"column":109},"end":{"line":22,"column":110}},"loc":{"start":{"line":22,"column":128},"end":{"line":25,"column":1}}}},"branchMap":{},"s":{"0":1,"1":1,"2":1,"3":1,"4":1,"5":1,"6":1,"7":1,"8":1,"9":1,"10":1,"11":1,"12":1,"13":1,"14":1,"15":1,"16":1},"f":{"0":1,"1":1,"2":1,"3":1},"b":{}}
,"E:\\alp\\OPCODE\\Logger\\Opcode\\src\\routes\\userRoutes.ts": {"path":"E:\\alp\\OPCODE\\Logger\\Opcode\\src\\routes\\userRoutes.ts","statementMap":{"0":{"start":{"line":1,"column":0},"end":{"line":1,"column":33}},"1":{"start":{"line":2,"column":0},"end":{"line":2,"column":59}},"2":{"start":{"line":5,"column":15},"end":{"line":5,"column":23}},"3":{"start":{"line":8,"column":0},"end":{"line":8,"column":50}},"4":{"start":{"line":9,"column":0},"end":{"line":9,"column":44}},"5":{"start":{"line":11,"column":0},"end":{"line":11,"column":22}}},"fnMap":{},"branchMap":{},"s":{"0":1,"1":1,"2":1,"3":1,"4":1,"5":1},"f":{},"b":{}}
,"E:\\alp\\OPCODE\\Logger\\Opcode\\src\\services\\EventService.ts": {"path":"E:\\alp\\OPCODE\\Logger\\Opcode\\src\\services\\EventService.ts","statementMap":{"0":{"start":{"line":2,"column":0},"end":{"line":2,"column":31}},"1":{"start":{"line":3,"column":0},"end":{"line":3,"column":36}},"2":{"start":{"line":4,"column":0},"end":{"line":4,"column":38}},"3":{"start":{"line":8,"column":18},"end":{"line":8,"column":58}},"4":{"start":{"line":9,"column":4},"end":{"line":12,"column":null}},"5":{"start":{"line":10,"column":6},"end":{"line":10,"column":39}},"6":{"start":{"line":11,"column":6},"end":{"line":11,"column":43}},"7":{"start":{"line":13,"column":4},"end":{"line":13,"column":42}},"8":{"start":{"line":14,"column":4},"end":{"line":14,"column":63}},"9":{"start":{"line":18,"column":4},"end":{"line":18,"column":38}},"10":{"start":{"line":19,"column":4},"end":{"line":34,"column":null}},"11":{"start":{"line":20,"column":22},"end":{"line":20,"column":43}},"12":{"start":{"line":21,"column":6},"end":{"line":21,"column":45}},"13":{"start":{"line":22,"column":48},"end":{"line":22,"column":56}},"14":{"start":{"line":23,"column":6},"end":{"line":23,"column":45}},"15":{"start":{"line":24,"column":20},"end":{"line":24,"column":93}},"16":{"start":{"line":26,"column":6},"end":{"line":26,"column":43}},"17":{"start":{"line":28,"column":6},"end":{"line":28,"column":34}},"18":{"start":{"line":29,"column":6},"end":{"line":29,"column":82}},"19":{"start":{"line":31,"column":6},"end":{"line":31,"column":50}},"20":{"start":{"line":32,"column":6},"end":{"line":32,"column":54}},"21":{"start":{"line":33,"column":6},"end":{"line":33,"column":63}},"22":{"start":{"line":38,"column":4},"end":{"line":38,"column":36}},"23":{"start":{"line":39,"column":4},"end":{"line":48,"column":null}},"24":{"start":{"line":40,"column":21},"end":{"line":40,"column":42}},"25":{"start":{"line":41,"column":6},"end":{"line":41,"column":45}},"26":{"start":{"line":42,"column":6},"end":{"line":42,"column":52}},"27":{"start":{"line":43,"column":6},"end":{"line":43,"column":35}},"28":{"start":{"line":45,"column":6},"end":{"line":45,"column":51}},"29":{"start":{"line":46,"column":6},"end":{"line":46,"column":55}},"30":{"start":{"line":47,"column":6},"end":{"line":47,"column":63}},"31":{"start":{"line":52,"column":4},"end":{"line":52,"column":38}},"32":{"start":{"line":53,"column":4},"end":{"line":80,"column":null}},"33":{"start":{"line":54,"column":22},"end":{"line":54,"column":43}},"34":{"start":{"line":55,"column":6},"end":{"line":55,"column":45}},"35":{"start":{"line":56,"column":21},"end":{"line":56,"column":31}},"36":{"start":{"line":57,"column":48},"end":{"line":57,"column":56}},"37":{"start":{"line":58,"column":6},"end":{"line":58,"column":49}},"38":{"start":{"line":59,"column":6},"end":{"line":59,"column":45}},"39":{"start":{"line":60,"column":20},"end":{"line":60,"column":44}},"40":{"start":{"line":62,"column":6},"end":{"line":75,"column":null}},"41":{"start":{"line":63,"column":8},"end":{"line":63,"column":38}},"42":{"start":{"line":64,"column":8},"end":{"line":64,"column":26}},"43":{"start":{"line":65,"column":8},"end":{"line":65,"column":40}},"44":{"start":{"line":66,"column":8},"end":{"line":66,"column":27}},"45":{"start":{"line":67,"column":8},"end":{"line":67,"column":45}},"46":{"start":{"line":69,"column":8},"end":{"line":69,"column":61}},"47":{"start":{"line":70,"column":8},"end":{"line":70,"column":36}},"48":{"start":{"line":72,"column":8},"end":{"line":72,"column":62}},"49":{"start":{"line":73,"column":8},"end":{"line":73,"column":70}},"50":{"start":{"line":74,"column":8},"end":{"line":74,"column":82}},"51":{"start":{"line":77,"column":6},"end":{"line":77,"column":50}},"52":{"start":{"line":78,"column":6},"end":{"line":78,"column":54}},"53":{"start":{"line":79,"column":6},"end":{"line":79,"column":63}},"54":{"start":{"line":84,"column":4},"end":{"line":84,"column":38}},"55":{"start":{"line":85,"column":4},"end":{"line":106,"column":null}},"56":{"start":{"line":86,"column":22},"end":{"line":86,"column":43}},"57":{"start":{"line":87,"column":6},"end":{"line":87,"column":45}},"58":{"start":{"line":88,"column":21},"end":{"line":88,"column":31}},"59":{"start":{"line":89,"column":6},"end":{"line":89,"column":49}},"60":{"start":{"line":90,"column":20},"end":{"line":90,"column":44}},"61":{"start":{"line":92,"column":6},"end":{"line":101,"column":null}},"62":{"start":{"line":93,"column":8},"end":{"line":93,"column":30}},"63":{"start":{"line":94,"column":8},"end":{"line":94,"column":42}},"64":{"start":{"line":95,"column":8},"end":{"line":95,"column":58}},"65":{"start":{"line":96,"column":8},"end":{"line":96,"column":59}},"66":{"start":{"line":98,"column":8},"end":{"line":98,"column":62}},"67":{"start":{"line":99,"column":8},"end":{"line":99,"column":70}},"68":{"start":{"line":100,"column":8},"end":{"line":100,"column":82}},"69":{"start":{"line":103,"column":6},"end":{"line":103,"column":50}},"70":{"start":{"line":104,"column":6},"end":{"line":104,"column":54}},"71":{"start":{"line":105,"column":6},"end":{"line":105,"column":63}},"72":{"start":{"line":110,"column":0},"end":{"line":110,"column":34}}},"fnMap":{"0":{"name":"(anonymous_8)","decl":{"start":{"line":7,"column":10},"end":{"line":7,"column":21}},"loc":{"start":{"line":7,"column":34},"end":{"line":15,"column":3}}},"1":{"name":"(anonymous_9)","decl":{"start":{"line":17,"column":15},"end":{"line":17,"column":26}},"loc":{"start":{"line":17,"column":54},"end":{"line":35,"column":null}}},"2":{"name":"(anonymous_11)","decl":{"start":{"line":37,"column":15},"end":{"line":37,"column":24}},"loc":{"start":{"line":37,"column":52},"end":{"line":49,"column":null}}},"3":{"name":"(anonymous_13)","decl":{"start":{"line":51,"column":15},"end":{"line":51,"column":26}},"loc":{"start":{"line":51,"column":54},"end":{"line":81,"column":null}}},"4":{"name":"(anonymous_15)","decl":{"start":{"line":83,"column":15},"end":{"line":83,"column":26}},"loc":{"start":{"line":83,"column":54},"end":{"line":107,"column":null}}}},"branchMap":{"0":{"loc":{"start":{"line":8,"column":18},"end":{"line":8,"column":58}},"type":"cond-expr","locations":[{"start":{"line":8,"column":43},"end":{"line":8,"column":45}},{"start":{"line":8,"column":43},"end":{"line":8,"column":58}}]},"1":{"loc":{"start":{"line":8,"column":18},"end":{"line":8,"column":45}},"type":"binary-expr","locations":[{"start":{"line":8,"column":18},"end":{"line":8,"column":45}},{"start":{"line":8,"column":43},"end":{"line":8,"column":45}}]},"2":{"loc":{"start":{"line":9,"column":4},"end":{"line":12,"column":null}},"type":"if","locations":[{"start":{"line":9,"column":4},"end":{"line":12,"column":null}}]},"3":{"loc":{"start":{"line":62,"column":6},"end":{"line":75,"column":null}},"type":"if","locations":[{"start":{"line":62,"column":6},"end":{"line":75,"column":null}},{"start":{"line":71,"column":13},"end":{"line":75,"column":null}}]},"4":{"loc":{"start":{"line":62,"column":10},"end":{"line":62,"column":103}},"type":"binary-expr","locations":[{"start":{"line":62,"column":10},"end":{"line":62,"column":15}},{"start":{"line":62,"column":20},"end":{"line":62,"column":47}},{"start":{"line":62,"column":51},"end":{"line":62,"column":75}},{"start":{"line":62,"column":79},"end":{"line":62,"column":102}}]},"5":{"loc":{"start":{"line":92,"column":6},"end":{"line":101,"column":null}},"type":"if","locations":[{"start":{"line":92,"column":6},"end":{"line":101,"column":null}},{"start":{"line":97,"column":13},"end":{"line":101,"column":null}}]},"6":{"loc":{"start":{"line":92,"column":10},"end":{"line":92,"column":103}},"type":"binary-expr","locations":[{"start":{"line":92,"column":10},"end":{"line":92,"column":15}},{"start":{"line":92,"column":20},"end":{"line":92,"column":47}},{"start":{"line":92,"column":51},"end":{"line":92,"column":75}},{"start":{"line":92,"column":79},"end":{"line":92,"column":102}}]}},"s":{"0":0,"1":0,"2":0,"3":0,"4":0,"5":0,"6":0,"7":0,"8":0,"9":0,"10":0,"11":0,"12":0,"13":0,"14":0,"15":0,"16":0,"17":0,"18":0,"19":0,"20":0,"21":0,"22":0,"23":0,"24":0,"25":0,"26":0,"27":0,"28":0,"29":0,"30":0,"31":0,"32":0,"33":0,"34":0,"35":0,"36":0,"37":0,"38":0,"39":0,"40":0,"41":0,"42":0,"43":0,"44":0,"45":0,"46":0,"47":0,"48":0,"49":0,"50":0,"51":0,"52":0,"53":0,"54":0,"55":0,"56":0,"57":0,"58":0,"59":0,"60":0,"61":0,"62":0,"63":0,"64":0,"65":0,"66":0,"67":0,"68":0,"69":0,"70":0,"71":0,"72":0},"f":{"0":0,"1":0,"2":0,"3":0,"4":0},"b":{"0":[0,0],"1":[0,0],"2":[0],"3":[0,0],"4":[0,0,0,0],"5":[0,0],"6":[0,0,0,0]}}
,"E:\\alp\\OPCODE\\Logger\\Opcode\\src\\services\\UserService.ts": {"path":"E:\\alp\\OPCODE\\Logger\\Opcode\\src\\services\\UserService.ts","statementMap":{"0":{"start":{"line":2,"column":0},"end":{"line":2,"column":30}},"1":{"start":{"line":3,"column":0},"end":{"line":3,"column":31}},"2":{"start":{"line":4,"column":0},"end":{"line":4,"column":34}},"3":{"start":{"line":5,"column":0},"end":{"line":5,"column":38}},"4":{"start":{"line":9,"column":4},"end":{"line":19,"column":null}},"5":{"start":{"line":10,"column":43},"end":{"line":10,"column":51}},"6":{"start":{"line":11,"column":29},"end":{"line":11,"column":60}},"7":{"start":{"line":12,"column":19},"end":{"line":12,"column":82}},"8":{"start":{"line":14,"column":6},"end":{"line":14,"column":33}},"9":{"start":{"line":15,"column":6},"end":{"line":15,"column":50}},"10":{"start":{"line":17,"column":6},"end":{"line":17,"column":63}},"11":{"start":{"line":18,"column":6},"end":{"line":18,"column":72}},"12":{"start":{"line":23,"column":4},"end":{"line":42,"column":null}},"13":{"start":{"line":24,"column":37},"end":{"line":24,"column":45}},"14":{"start":{"line":25,"column":19},"end":{"line":25,"column":62}},"15":{"start":{"line":27,"column":6},"end":{"line":38,"column":null}},"16":{"start":{"line":28,"column":22},"end":{"line":31,"column":null}},"17":{"start":{"line":33,"column":8},"end":{"line":33,"column":40}},"18":{"start":{"line":34,"column":8},"end":{"line":34,"column":51}},"19":{"start":{"line":36,"column":8},"end":{"line":36,"column":63}},"20":{"start":{"line":37,"column":8},"end":{"line":37,"column":58}},"21":{"start":{"line":40,"column":6},"end":{"line":40,"column":63}},"22":{"start":{"line":41,"column":6},"end":{"line":41,"column":71}},"23":{"start":{"line":46,"column":0},"end":{"line":46,"column":33}}},"fnMap":{"0":{"name":"(anonymous_8)","decl":{"start":{"line":8,"column":15},"end":{"line":8,"column":23}},"loc":{"start":{"line":8,"column":51},"end":{"line":20,"column":null}}},"1":{"name":"(anonymous_10)","decl":{"start":{"line":22,"column":15},"end":{"line":22,"column":20}},"loc":{"start":{"line":22,"column":48},"end":{"line":43,"column":null}}}},"branchMap":{"0":{"loc":{"start":{"line":18,"column":46},"end":{"line":18,"column":68}},"type":"binary-expr","locations":[{"start":{"line":18,"column":46},"end":{"line":18,"column":59}},{"start":{"line":18,"column":63},"end":{"line":18,"column":68}}]},"1":{"loc":{"start":{"line":27,"column":6},"end":{"line":38,"column":null}},"type":"if","locations":[{"start":{"line":27,"column":6},"end":{"line":38,"column":null}},{"start":{"line":35,"column":13},"end":{"line":38,"column":null}}]},"2":{"loc":{"start":{"line":27,"column":10},"end":{"line":27,"column":65}},"type":"binary-expr","locations":[{"start":{"line":27,"column":10},"end":{"line":27,"column":14}},{"start":{"line":27,"column":18},"end":{"line":27,"column":63}}]},"3":{"loc":{"start":{"line":41,"column":45},"end":{"line":41,"column":67}},"type":"binary-expr","locations":[{"start":{"line":41,"column":45},"end":{"line":41,"column":58}},{"start":{"line":41,"column":62},"end":{"line":41,"column":67}}]}},"s":{"0":1,"1":1,"2":1,"3":1,"4":0,"5":0,"6":0,"7":0,"8":0,"9":0,"10":0,"11":0,"12":0,"13":0,"14":0,"15":0,"16":0,"17":0,"18":0,"19":0,"20":0,"21":0,"22":0,"23":1},"f":{"0":0,"1":0},"b":{"0":[0,0],"1":[0,0],"2":[0,0],"3":[0,0]}}
,"E:\\alp\\OPCODE\\Logger\\Opcode\\src\\types\\express.d.ts": {"path":"E:\\alp\\OPCODE\\Logger\\Opcode\\src\\types\\express.d.ts","statementMap":{},"fnMap":{},"branchMap":{},"s":{},"f":{},"b":{}}
}
