{"E:\\alp\\OPCODE\\Logger\\Opcode\\src\\server.ts": {"path":"E:\\alp\\OPCODE\\Logger\\Opcode\\src\\server.ts","statementMap":{"0":{"start":{"line":1,"column":0},"end":{"line":1,"column":30}},"1":{"start":{"line":2,"column":0},"end":{"line":2,"column":37}},"2":{"start":{"line":3,"column":0},"end":{"line":3,"column":45}},"3":{"start":{"line":4,"column":0},"end":{"line":4,"column":47}},"4":{"start":{"line":5,"column":0},"end":{"line":5,"column":45}},"5":{"start":{"line":7,"column":12},"end":{"line":7,"column":21}},"6":{"start":{"line":8,"column":13},"end":{"line":8,"column":17}},"7":{"start":{"line":10,"column":0},"end":{"line":10,"column":27}},"8":{"start":{"line":12,"column":0},"end":{"line":12,"column":36}},"9":{"start":{"line":13,"column":0},"end":{"line":13,"column":34}},"10":{"start":{"line":15,"column":0},"end":{"line":18,"column":3}},"11":{"start":{"line":16,"column":2},"end":{"line":16,"column":27}},"12":{"start":{"line":17,"column":2},"end":{"line":17,"column":48}},"13":{"start":{"line":20,"column":0},"end":{"line":24,"column":3}},"14":{"start":{"line":21,"column":2},"end":{"line":23,"column":5}},"15":{"start":{"line":22,"column":4},"end":{"line":22,"column":65}},"16":{"start":{"line":26,"column":0},"end":{"line":26,"column":19}}},"fnMap":{"0":{"name":"(anonymous_1)","decl":{"start":{"line":15,"column":8},"end":{"line":15,"column":9}},"loc":{"start":{"line":15,"column":94},"end":{"line":18,"column":1}}},"1":{"name":"(anonymous_2)","decl":{"start":{"line":20,"column":24},"end":{"line":20,"column":27}},"loc":{"start":{"line":20,"column":29},"end":{"line":24,"column":1}}},"2":{"name":"(anonymous_3)","decl":{"start":{"line":21,"column":19},"end":{"line":21,"column":22}},"loc":{"start":{"line":21,"column":24},"end":{"line":23,"column":3}}}},"branchMap":{},"s":{"0":0,"1":0,"2":0,"3":0,"4":0,"5":0,"6":0,"7":0,"8":0,"9":0,"10":0,"11":0,"12":0,"13":0,"14":0,"15":0,"16":0},"f":{"0":0,"1":0,"2":0},"b":{}}
,"E:\\alp\\OPCODE\\Logger\\Opcode\\src\\config\\database.ts": {"path":"E:\\alp\\OPCODE\\Logger\\Opcode\\src\\config\\database.ts","statementMap":{"0":{"start":{"line":2,"column":0},"end":{"line":2,"column":38}},"1":{"start":{"line":3,"column":0},"end":{"line":3,"column":28}},"2":{"start":{"line":6,"column":0},"end":{"line":6,"column":16}},"3":{"start":{"line":17,"column":4},"end":{"line":26,"column":6}},"4":{"start":{"line":33,"column":4},"end":{"line":43,"column":null}},"5":{"start":{"line":35,"column":6},"end":{"line":35,"column":42}},"6":{"start":{"line":36,"column":6},"end":{"line":36,"column":67}},"7":{"start":{"line":39,"column":6},"end":{"line":39,"column":50}},"8":{"start":{"line":42,"column":6},"end":{"line":42,"column":65}},"9":{"start":{"line":49,"column":4},"end":{"line":49,"column":26}},"10":{"start":{"line":54,"column":17},"end":{"line":54,"column":31}},"11":{"start":{"line":57,"column":9},"end":{"line":57,"column":17}}},"fnMap":{"0":{"name":"(anonymous_8)","decl":{"start":{"line":16,"column":2},"end":{"line":16,"column":null}},"loc":{"start":{"line":16,"column":2},"end":{"line":27,"column":3}}},"1":{"name":"(anonymous_9)","decl":{"start":{"line":32,"column":15},"end":{"line":32,"column":22}},"loc":{"start":{"line":32,"column":22},"end":{"line":44,"column":null}}},"2":{"name":"(anonymous_11)","decl":{"start":{"line":48,"column":9},"end":{"line":48,"column":20}},"loc":{"start":{"line":48,"column":20},"end":{"line":50,"column":3}}}},"branchMap":{},"s":{"0":2,"1":2,"2":2,"3":2,"4":0,"5":0,"6":0,"7":0,"8":0,"9":2,"10":2,"11":2},"f":{"0":2,"1":0,"2":2},"b":{}}
,"E:\\alp\\OPCODE\\Logger\\Opcode\\src\\config\\logger.ts": {"path":"E:\\alp\\OPCODE\\Logger\\Opcode\\src\\config\\logger.ts","statementMap":{"0":{"start":{"line":2,"column":0},"end":{"line":2,"column":59}},"1":{"start":{"line":3,"column":0},"end":{"line":3,"column":56}},"2":{"start":{"line":6,"column":18},"end":{"line":11,"column":2}},"3":{"start":{"line":8,"column":44},"end":{"line":8,"column":49}},"4":{"start":{"line":8,"column":53},"end":{"line":8,"column":57}},"5":{"start":{"line":9,"column":4},"end":{"line":9,"column":112}},"6":{"start":{"line":14,"column":15},"end":{"line":27,"column":2}},"7":{"start":{"line":30,"column":0},"end":{"line":30,"column":22}}},"fnMap":{"0":{"name":"(anonymous_2)","decl":{"start":{"line":8,"column":16},"end":{"line":8,"column":17}},"loc":{"start":{"line":8,"column":59},"end":{"line":10,"column":3}}}},"branchMap":{"0":{"loc":{"start":{"line":9,"column":48},"end":{"line":9,"column":109}},"type":"cond-expr","locations":[{"start":{"line":9,"column":75},"end":{"line":9,"column":104}},{"start":{"line":9,"column":107},"end":{"line":9,"column":109}}]}},"s":{"0":1,"1":1,"2":1,"3":0,"4":0,"5":0,"6":1,"7":1},"f":{"0":0},"b":{"0":[0,0]}}
,"E:\\alp\\OPCODE\\Logger\\Opcode\\src\\controllers\\EventController.ts": {"path":"E:\\alp\\OPCODE\\Logger\\Opcode\\src\\controllers\\EventController.ts","statementMap":{"0":{"start":{"line":5,"column":9},"end":{"line":7,"column":4}},"1":{"start":{"line":5,"column":76},"end":{"line":7,"column":4}},"2":{"start":{"line":9,"column":9},"end":{"line":11,"column":4}},"3":{"start":{"line":9,"column":74},"end":{"line":11,"column":4}},"4":{"start":{"line":13,"column":9},"end":{"line":15,"column":4}},"5":{"start":{"line":13,"column":76},"end":{"line":15,"column":4}},"6":{"start":{"line":17,"column":9},"end":{"line":19,"column":4}},"7":{"start":{"line":17,"column":76},"end":{"line":19,"column":4}},"8":{"start":{"line":22,"column":0},"end":{"line":22,"column":37}}},"fnMap":{"0":{"name":"(anonymous_7)","decl":{"start":{"line":4,"column":0},"end":{"line":4,"column":6}},"loc":{"start":{"line":4,"column":0},"end":{"line":20,"column":1}}},"1":{"name":"(anonymous_8)","decl":{"start":{"line":5,"column":23},"end":{"line":5,"column":30}},"loc":{"start":{"line":5,"column":76},"end":{"line":7,"column":4}}},"2":{"name":"(anonymous_9)","decl":{"start":{"line":5,"column":76},"end":{"line":5,"column":null}},"loc":{"start":{"line":5,"column":76},"end":{"line":7,"column":3}}},"3":{"name":"(anonymous_10)","decl":{"start":{"line":9,"column":21},"end":{"line":9,"column":28}},"loc":{"start":{"line":9,"column":74},"end":{"line":11,"column":4}}},"4":{"name":"(anonymous_11)","decl":{"start":{"line":9,"column":74},"end":{"line":9,"column":null}},"loc":{"start":{"line":9,"column":74},"end":{"line":11,"column":3}}},"5":{"name":"(anonymous_12)","decl":{"start":{"line":13,"column":23},"end":{"line":13,"column":30}},"loc":{"start":{"line":13,"column":76},"end":{"line":15,"column":4}}},"6":{"name":"(anonymous_13)","decl":{"start":{"line":13,"column":76},"end":{"line":13,"column":null}},"loc":{"start":{"line":13,"column":76},"end":{"line":15,"column":3}}},"7":{"name":"(anonymous_14)","decl":{"start":{"line":17,"column":23},"end":{"line":17,"column":30}},"loc":{"start":{"line":17,"column":76},"end":{"line":19,"column":4}}},"8":{"name":"(anonymous_15)","decl":{"start":{"line":17,"column":76},"end":{"line":17,"column":null}},"loc":{"start":{"line":17,"column":76},"end":{"line":19,"column":3}}}},"branchMap":{},"s":{"0":0,"1":0,"2":0,"3":0,"4":0,"5":0,"6":0,"7":0,"8":0},"f":{"0":0,"1":0,"2":0,"3":0,"4":0,"5":0,"6":0,"7":0,"8":0},"b":{}}
,"E:\\alp\\OPCODE\\Logger\\Opcode\\src\\controllers\\UserController.ts": {"path":"E:\\alp\\OPCODE\\Logger\\Opcode\\src\\controllers\\UserController.ts","statementMap":{"0":{"start":{"line":1,"column":0},"end":{"line":1,"column":50}},"1":{"start":{"line":4,"column":9},"end":{"line":4,"column":41}},"2":{"start":{"line":5,"column":9},"end":{"line":5,"column":35}},"3":{"start":{"line":8,"column":0},"end":{"line":8,"column":36}}},"fnMap":{"0":{"name":"(anonymous_1)","decl":{"start":{"line":3,"column":0},"end":{"line":3,"column":6}},"loc":{"start":{"line":3,"column":0},"end":{"line":6,"column":1}}}},"branchMap":{},"s":{"0":1,"1":1,"2":1,"3":1},"f":{"0":1},"b":{}}
,"E:\\alp\\OPCODE\\Logger\\Opcode\\src\\middleware\\auth.ts": {"path":"E:\\alp\\OPCODE\\Logger\\Opcode\\src\\middleware\\auth.ts","statementMap":{"0":{"start":{"line":2,"column":0},"end":{"line":2,"column":31}},"1":{"start":{"line":3,"column":0},"end":{"line":3,"column":38}},"2":{"start":{"line":6,"column":11},"end":{"line":21,"column":6}},"3":{"start":{"line":6,"column":102},"end":{"line":21,"column":6}},"4":{"start":{"line":7,"column":20},"end":{"line":7,"column":60}},"5":{"start":{"line":8,"column":6},"end":{"line":20,"column":null}},"6":{"start":{"line":9,"column":8},"end":{"line":16,"column":null}},"7":{"start":{"line":10,"column":31},"end":{"line":10,"column":82}},"8":{"start":{"line":11,"column":10},"end":{"line":11,"column":29}},"9":{"start":{"line":12,"column":10},"end":{"line":12,"column":17}},"10":{"start":{"line":14,"column":10},"end":{"line":14,"column":39}},"11":{"start":{"line":15,"column":10},"end":{"line":15,"column":55}},"12":{"start":{"line":18,"column":8},"end":{"line":18,"column":41}},"13":{"start":{"line":19,"column":8},"end":{"line":19,"column":56}},"14":{"start":{"line":23,"column":11},"end":{"line":32,"column":6}},"15":{"start":{"line":24,"column":6},"end":{"line":31,"column":8}},"16":{"start":{"line":25,"column":8},"end":{"line":30,"column":null}},"17":{"start":{"line":26,"column":10},"end":{"line":26,"column":67}},"18":{"start":{"line":27,"column":10},"end":{"line":27,"column":55}},"19":{"start":{"line":29,"column":10},"end":{"line":29,"column":17}},"20":{"start":{"line":35,"column":25},"end":{"line":35,"column":45}},"21":{"start":{"line":36,"column":2},"end":{"line":36,"column":32}}},"fnMap":{"0":{"name":"(anonymous_8)","decl":{"start":{"line":5,"column":0},"end":{"line":5,"column":6}},"loc":{"start":{"line":5,"column":0},"end":{"line":33,"column":3}}},"1":{"name":"(anonymous_9)","decl":{"start":{"line":6,"column":29},"end":{"line":6,"column":36}},"loc":{"start":{"line":6,"column":102},"end":{"line":21,"column":6}}},"2":{"name":"(anonymous_10)","decl":{"start":{"line":6,"column":102},"end":{"line":6,"column":null}},"loc":{"start":{"line":6,"column":102},"end":{"line":21,"column":5}}},"3":{"name":"(anonymous_11)","decl":{"start":{"line":23,"column":28},"end":{"line":23,"column":29}},"loc":{"start":{"line":23,"column":51},"end":{"line":32,"column":5}}},"4":{"name":"(anonymous_12)","decl":{"start":{"line":24,"column":13},"end":{"line":24,"column":14}},"loc":{"start":{"line":24,"column":71},"end":{"line":31,"column":7}}}},"branchMap":{"0":{"loc":{"start":{"line":7,"column":20},"end":{"line":7,"column":60}},"type":"cond-expr","locations":[{"start":{"line":7,"column":45},"end":{"line":7,"column":47}},{"start":{"line":7,"column":45},"end":{"line":7,"column":60}}]},"1":{"loc":{"start":{"line":7,"column":20},"end":{"line":7,"column":47}},"type":"binary-expr","locations":[{"start":{"line":7,"column":20},"end":{"line":7,"column":47}},{"start":{"line":7,"column":45},"end":{"line":7,"column":47}}]},"2":{"loc":{"start":{"line":8,"column":6},"end":{"line":20,"column":null}},"type":"if","locations":[{"start":{"line":8,"column":6},"end":{"line":20,"column":null}},{"start":{"line":17,"column":13},"end":{"line":20,"column":null}}]},"3":{"loc":{"start":{"line":25,"column":8},"end":{"line":30,"column":null}},"type":"if","locations":[{"start":{"line":25,"column":8},"end":{"line":30,"column":null}},{"start":{"line":28,"column":15},"end":{"line":30,"column":null}}]}},"s":{"0":0,"1":0,"2":0,"3":0,"4":0,"5":0,"6":0,"7":0,"8":0,"9":0,"10":0,"11":0,"12":0,"13":0,"14":0,"15":0,"16":0,"17":0,"18":0,"19":0,"20":0,"21":0},"f":{"0":0,"1":0,"2":0,"3":0,"4":0},"b":{"0":[0,0],"1":[0,0],"2":[0,0],"3":[0,0]}}
,"E:\\alp\\OPCODE\\Logger\\Opcode\\src\\models\\Event.ts": {"path":"E:\\alp\\OPCODE\\Logger\\Opcode\\src\\models\\Event.ts","statementMap":{"0":{"start":{"line":1,"column":0},"end":{"line":1,"column":55}},"1":{"start":{"line":2,"column":0},"end":{"line":2,"column":46}},"2":{"start":{"line":25,"column":0},"end":{"line":53,"column":2}},"3":{"start":{"line":55,"column":0},"end":{"line":55,"column":21}}},"fnMap":{},"branchMap":{},"s":{"0":0,"1":0,"2":0,"3":0},"f":{},"b":{}}
,"E:\\alp\\OPCODE\\Logger\\Opcode\\src\\models\\User.ts": {"path":"E:\\alp\\OPCODE\\Logger\\Opcode\\src\\models\\User.ts","statementMap":{"0":{"start":{"line":2,"column":0},"end":{"line":2,"column":45}},"1":{"start":{"line":3,"column":0},"end":{"line":3,"column":46}},"2":{"start":{"line":4,"column":0},"end":{"line":4,"column":30}},"3":{"start":{"line":17,"column":4},"end":{"line":17,"column":55}},"4":{"start":{"line":21,"column":0},"end":{"line":47,"column":2}},"5":{"start":{"line":49,"column":0},"end":{"line":49,"column":20}}},"fnMap":{"0":{"name":"(anonymous_1)","decl":{"start":{"line":16,"column":9},"end":{"line":16,"column":25}},"loc":{"start":{"line":16,"column":42},"end":{"line":18,"column":3}}}},"branchMap":{},"s":{"0":1,"1":1,"2":1,"3":0,"4":1,"5":1},"f":{"0":0},"b":{}}
,"E:\\alp\\OPCODE\\Logger\\Opcode\\src\\routes\\eventRoutes.ts": {"path":"E:\\alp\\OPCODE\\Logger\\Opcode\\src\\routes\\eventRoutes.ts","statementMap":{"0":{"start":{"line":1,"column":0},"end":{"line":1,"column":33}},"1":{"start":{"line":2,"column":0},"end":{"line":2,"column":61}},"2":{"start":{"line":3,"column":0},"end":{"line":3,"column":48}},"3":{"start":{"line":5,"column":15},"end":{"line":5,"column":23}},"4":{"start":{"line":8,"column":0},"end":{"line":8,"column":132}},"5":{"start":{"line":9,"column":0},"end":{"line":9,"column":129}},"6":{"start":{"line":10,"column":0},"end":{"line":10,"column":135}},"7":{"start":{"line":11,"column":0},"end":{"line":11,"column":130}},"8":{"start":{"line":13,"column":0},"end":{"line":13,"column":22}}},"fnMap":{},"branchMap":{},"s":{"0":0,"1":0,"2":0,"3":0,"4":0,"5":0,"6":0,"7":0,"8":0},"f":{},"b":{}}
,"E:\\alp\\OPCODE\\Logger\\Opcode\\src\\routes\\userRoutes.ts": {"path":"E:\\alp\\OPCODE\\Logger\\Opcode\\src\\routes\\userRoutes.ts","statementMap":{"0":{"start":{"line":1,"column":0},"end":{"line":1,"column":33}},"1":{"start":{"line":2,"column":0},"end":{"line":2,"column":59}},"2":{"start":{"line":4,"column":15},"end":{"line":4,"column":23}},"3":{"start":{"line":6,"column":0},"end":{"line":6,"column":50}},"4":{"start":{"line":7,"column":0},"end":{"line":7,"column":44}},"5":{"start":{"line":9,"column":0},"end":{"line":9,"column":22}}},"fnMap":{},"branchMap":{},"s":{"0":1,"1":1,"2":1,"3":1,"4":1,"5":1},"f":{},"b":{}}
,"E:\\alp\\OPCODE\\Logger\\Opcode\\src\\services\\EventService.ts": {"path":"E:\\alp\\OPCODE\\Logger\\Opcode\\src\\services\\EventService.ts","statementMap":{"0":{"start":{"line":2,"column":0},"end":{"line":2,"column":31}},"1":{"start":{"line":3,"column":0},"end":{"line":3,"column":36}},"2":{"start":{"line":4,"column":0},"end":{"line":4,"column":38}},"3":{"start":{"line":8,"column":18},"end":{"line":8,"column":58}},"4":{"start":{"line":9,"column":4},"end":{"line":11,"column":null}},"5":{"start":{"line":10,"column":6},"end":{"line":10,"column":43}},"6":{"start":{"line":12,"column":4},"end":{"line":12,"column":63}},"7":{"start":{"line":16,"column":4},"end":{"line":26,"column":null}},"8":{"start":{"line":17,"column":22},"end":{"line":17,"column":43}},"9":{"start":{"line":18,"column":48},"end":{"line":18,"column":56}},"10":{"start":{"line":19,"column":20},"end":{"line":19,"column":93}},"11":{"start":{"line":21,"column":6},"end":{"line":21,"column":34}},"12":{"start":{"line":22,"column":6},"end":{"line":22,"column":82}},"13":{"start":{"line":24,"column":6},"end":{"line":24,"column":54}},"14":{"start":{"line":25,"column":6},"end":{"line":25,"column":63}},"15":{"start":{"line":30,"column":4},"end":{"line":37,"column":null}},"16":{"start":{"line":31,"column":21},"end":{"line":31,"column":42}},"17":{"start":{"line":32,"column":6},"end":{"line":32,"column":52}},"18":{"start":{"line":33,"column":6},"end":{"line":33,"column":35}},"19":{"start":{"line":35,"column":6},"end":{"line":35,"column":55}},"20":{"start":{"line":36,"column":6},"end":{"line":36,"column":63}},"21":{"start":{"line":41,"column":4},"end":{"line":62,"column":null}},"22":{"start":{"line":42,"column":22},"end":{"line":42,"column":43}},"23":{"start":{"line":43,"column":21},"end":{"line":43,"column":31}},"24":{"start":{"line":44,"column":48},"end":{"line":44,"column":56}},"25":{"start":{"line":45,"column":20},"end":{"line":45,"column":44}},"26":{"start":{"line":47,"column":6},"end":{"line":58,"column":null}},"27":{"start":{"line":48,"column":8},"end":{"line":48,"column":38}},"28":{"start":{"line":49,"column":8},"end":{"line":49,"column":26}},"29":{"start":{"line":50,"column":8},"end":{"line":50,"column":40}},"30":{"start":{"line":51,"column":8},"end":{"line":51,"column":27}},"31":{"start":{"line":53,"column":8},"end":{"line":53,"column":61}},"32":{"start":{"line":54,"column":8},"end":{"line":54,"column":36}},"33":{"start":{"line":56,"column":8},"end":{"line":56,"column":70}},"34":{"start":{"line":57,"column":8},"end":{"line":57,"column":82}},"35":{"start":{"line":60,"column":6},"end":{"line":60,"column":54}},"36":{"start":{"line":61,"column":6},"end":{"line":61,"column":63}},"37":{"start":{"line":66,"column":4},"end":{"line":82,"column":null}},"38":{"start":{"line":67,"column":22},"end":{"line":67,"column":43}},"39":{"start":{"line":68,"column":21},"end":{"line":68,"column":31}},"40":{"start":{"line":69,"column":20},"end":{"line":69,"column":44}},"41":{"start":{"line":71,"column":6},"end":{"line":78,"column":null}},"42":{"start":{"line":72,"column":8},"end":{"line":72,"column":30}},"43":{"start":{"line":73,"column":8},"end":{"line":73,"column":58}},"44":{"start":{"line":74,"column":8},"end":{"line":74,"column":59}},"45":{"start":{"line":76,"column":8},"end":{"line":76,"column":70}},"46":{"start":{"line":77,"column":8},"end":{"line":77,"column":82}},"47":{"start":{"line":80,"column":6},"end":{"line":80,"column":54}},"48":{"start":{"line":81,"column":6},"end":{"line":81,"column":63}},"49":{"start":{"line":86,"column":0},"end":{"line":86,"column":34}}},"fnMap":{"0":{"name":"(anonymous_8)","decl":{"start":{"line":7,"column":10},"end":{"line":7,"column":21}},"loc":{"start":{"line":7,"column":34},"end":{"line":13,"column":3}}},"1":{"name":"(anonymous_9)","decl":{"start":{"line":15,"column":15},"end":{"line":15,"column":26}},"loc":{"start":{"line":15,"column":54},"end":{"line":27,"column":null}}},"2":{"name":"(anonymous_11)","decl":{"start":{"line":29,"column":15},"end":{"line":29,"column":24}},"loc":{"start":{"line":29,"column":52},"end":{"line":38,"column":null}}},"3":{"name":"(anonymous_13)","decl":{"start":{"line":40,"column":15},"end":{"line":40,"column":26}},"loc":{"start":{"line":40,"column":54},"end":{"line":63,"column":null}}},"4":{"name":"(anonymous_15)","decl":{"start":{"line":65,"column":15},"end":{"line":65,"column":26}},"loc":{"start":{"line":65,"column":54},"end":{"line":83,"column":null}}}},"branchMap":{"0":{"loc":{"start":{"line":8,"column":18},"end":{"line":8,"column":58}},"type":"cond-expr","locations":[{"start":{"line":8,"column":43},"end":{"line":8,"column":45}},{"start":{"line":8,"column":43},"end":{"line":8,"column":58}}]},"1":{"loc":{"start":{"line":8,"column":18},"end":{"line":8,"column":45}},"type":"binary-expr","locations":[{"start":{"line":8,"column":18},"end":{"line":8,"column":45}},{"start":{"line":8,"column":43},"end":{"line":8,"column":45}}]},"2":{"loc":{"start":{"line":9,"column":4},"end":{"line":11,"column":null}},"type":"if","locations":[{"start":{"line":9,"column":4},"end":{"line":11,"column":null}}]},"3":{"loc":{"start":{"line":47,"column":6},"end":{"line":58,"column":null}},"type":"if","locations":[{"start":{"line":47,"column":6},"end":{"line":58,"column":null}},{"start":{"line":55,"column":13},"end":{"line":58,"column":null}}]},"4":{"loc":{"start":{"line":47,"column":10},"end":{"line":47,"column":76}},"type":"binary-expr","locations":[{"start":{"line":47,"column":10},"end":{"line":47,"column":15}},{"start":{"line":47,"column":20},"end":{"line":47,"column":47}},{"start":{"line":47,"column":51},"end":{"line":47,"column":75}}]},"5":{"loc":{"start":{"line":71,"column":6},"end":{"line":78,"column":null}},"type":"if","locations":[{"start":{"line":71,"column":6},"end":{"line":78,"column":null}},{"start":{"line":75,"column":13},"end":{"line":78,"column":null}}]},"6":{"loc":{"start":{"line":71,"column":10},"end":{"line":71,"column":76}},"type":"binary-expr","locations":[{"start":{"line":71,"column":10},"end":{"line":71,"column":15}},{"start":{"line":71,"column":20},"end":{"line":71,"column":47}},{"start":{"line":71,"column":51},"end":{"line":71,"column":75}}]}},"s":{"0":0,"1":0,"2":0,"3":0,"4":0,"5":0,"6":0,"7":0,"8":0,"9":0,"10":0,"11":0,"12":0,"13":0,"14":0,"15":0,"16":0,"17":0,"18":0,"19":0,"20":0,"21":0,"22":0,"23":0,"24":0,"25":0,"26":0,"27":0,"28":0,"29":0,"30":0,"31":0,"32":0,"33":0,"34":0,"35":0,"36":0,"37":0,"38":0,"39":0,"40":0,"41":0,"42":0,"43":0,"44":0,"45":0,"46":0,"47":0,"48":0,"49":0},"f":{"0":0,"1":0,"2":0,"3":0,"4":0},"b":{"0":[0,0],"1":[0,0],"2":[0],"3":[0,0],"4":[0,0,0],"5":[0,0],"6":[0,0,0]}}
,"E:\\alp\\OPCODE\\Logger\\Opcode\\src\\services\\UserService.ts": {"path":"E:\\alp\\OPCODE\\Logger\\Opcode\\src\\services\\UserService.ts","statementMap":{"0":{"start":{"line":2,"column":0},"end":{"line":2,"column":30}},"1":{"start":{"line":3,"column":0},"end":{"line":3,"column":31}},"2":{"start":{"line":4,"column":0},"end":{"line":4,"column":34}},"3":{"start":{"line":5,"column":0},"end":{"line":5,"column":38}},"4":{"start":{"line":9,"column":4},"end":{"line":19,"column":null}},"5":{"start":{"line":10,"column":43},"end":{"line":10,"column":51}},"6":{"start":{"line":11,"column":29},"end":{"line":11,"column":60}},"7":{"start":{"line":12,"column":19},"end":{"line":12,"column":82}},"8":{"start":{"line":14,"column":6},"end":{"line":14,"column":33}},"9":{"start":{"line":15,"column":6},"end":{"line":15,"column":50}},"10":{"start":{"line":17,"column":6},"end":{"line":17,"column":63}},"11":{"start":{"line":18,"column":6},"end":{"line":18,"column":72}},"12":{"start":{"line":23,"column":4},"end":{"line":42,"column":null}},"13":{"start":{"line":24,"column":37},"end":{"line":24,"column":45}},"14":{"start":{"line":25,"column":19},"end":{"line":25,"column":62}},"15":{"start":{"line":27,"column":6},"end":{"line":38,"column":null}},"16":{"start":{"line":28,"column":22},"end":{"line":31,"column":null}},"17":{"start":{"line":33,"column":8},"end":{"line":33,"column":40}},"18":{"start":{"line":34,"column":8},"end":{"line":34,"column":51}},"19":{"start":{"line":36,"column":8},"end":{"line":36,"column":63}},"20":{"start":{"line":37,"column":8},"end":{"line":37,"column":58}},"21":{"start":{"line":40,"column":6},"end":{"line":40,"column":63}},"22":{"start":{"line":41,"column":6},"end":{"line":41,"column":71}},"23":{"start":{"line":46,"column":0},"end":{"line":46,"column":33}}},"fnMap":{"0":{"name":"(anonymous_8)","decl":{"start":{"line":8,"column":15},"end":{"line":8,"column":23}},"loc":{"start":{"line":8,"column":51},"end":{"line":20,"column":null}}},"1":{"name":"(anonymous_10)","decl":{"start":{"line":22,"column":15},"end":{"line":22,"column":20}},"loc":{"start":{"line":22,"column":48},"end":{"line":43,"column":null}}}},"branchMap":{"0":{"loc":{"start":{"line":18,"column":46},"end":{"line":18,"column":68}},"type":"binary-expr","locations":[{"start":{"line":18,"column":46},"end":{"line":18,"column":59}},{"start":{"line":18,"column":63},"end":{"line":18,"column":68}}]},"1":{"loc":{"start":{"line":27,"column":6},"end":{"line":38,"column":null}},"type":"if","locations":[{"start":{"line":27,"column":6},"end":{"line":38,"column":null}},{"start":{"line":35,"column":13},"end":{"line":38,"column":null}}]},"2":{"loc":{"start":{"line":27,"column":10},"end":{"line":27,"column":65}},"type":"binary-expr","locations":[{"start":{"line":27,"column":10},"end":{"line":27,"column":14}},{"start":{"line":27,"column":18},"end":{"line":27,"column":63}}]},"3":{"loc":{"start":{"line":41,"column":45},"end":{"line":41,"column":67}},"type":"binary-expr","locations":[{"start":{"line":41,"column":45},"end":{"line":41,"column":58}},{"start":{"line":41,"column":62},"end":{"line":41,"column":67}}]}},"s":{"0":1,"1":1,"2":1,"3":1,"4":0,"5":0,"6":0,"7":0,"8":0,"9":0,"10":0,"11":0,"12":0,"13":0,"14":0,"15":0,"16":0,"17":0,"18":0,"19":0,"20":0,"21":0,"22":0,"23":1},"f":{"0":0,"1":0},"b":{"0":[0,0],"1":[0,0],"2":[0,0],"3":[0,0]}}
,"E:\\alp\\OPCODE\\Logger\\Opcode\\src\\types\\express.d.ts": {"path":"E:\\alp\\OPCODE\\Logger\\Opcode\\src\\types\\express.d.ts","statementMap":{},"fnMap":{},"branchMap":{},"s":{},"f":{},"b":{}}
}
